Running in Lattice mode


Starting:    C:\lscc\SBTools\synpbase\win64\mbin\synbatch.exe
Install:     C:\lscc\SBTools\synpbase
Hostname:    SLICKXPS
Date:        Sat Mar 30 10:36:10 2019
Version:     J-2014.09L

Arguments:   -product synplify_pro  -batch AmbientLightSensor_syn.prj
ProductType: synplify_pro





log file: "C:\Users\Russell\Dropbox\nandland\modules\AmbientLightSensor\Verilog\go-board-project\AmbientLightSensor\AmbientLightSensor_Implmnt\AmbientLightSensor.srr"

Running AmbientLightSensor_syn|AmbientLightSensor_Implmnt

Running: Compile on AmbientLightSensor_syn|AmbientLightSensor_Implmnt

Running: Compile Process on AmbientLightSensor_syn|AmbientLightSensor_Implmnt

Running: Compile Input on AmbientLightSensor_syn|AmbientLightSensor_Implmnt
Copied C:\Users\Russell\Dropbox\nandland\modules\AmbientLightSensor\Verilog\go-board-project\AmbientLightSensor\AmbientLightSensor_Implmnt\synwork\AmbientLightSensor_comp.srs to C:\Users\Russell\Dropbox\nandland\modules\AmbientLightSensor\Verilog\go-board-project\AmbientLightSensor\AmbientLightSensor_Implmnt\AmbientLightSensor.srs

compiler Completed
Return Code: 0
Run Time:0h:00m:02s

Running: Multi-srs Generator on AmbientLightSensor_syn|AmbientLightSensor_Implmnt
Copied C:\Users\Russell\Dropbox\nandland\modules\AmbientLightSensor\Verilog\go-board-project\AmbientLightSensor\AmbientLightSensor_Implmnt\synwork\AmbientLightSensor_comp.srs to C:\Users\Russell\Dropbox\nandland\modules\AmbientLightSensor\Verilog\go-board-project\AmbientLightSensor\AmbientLightSensor_Implmnt\synwork\AmbientLightSensor_s.srs

multi_srs_gen Completed
Return Code: 0
Run Time:0h:00m:00s
Copied C:\Users\Russell\Dropbox\nandland\modules\AmbientLightSensor\Verilog\go-board-project\AmbientLightSensor\AmbientLightSensor_Implmnt\synwork\AmbientLightSensor_mult.srs to C:\Users\Russell\Dropbox\nandland\modules\AmbientLightSensor\Verilog\go-board-project\AmbientLightSensor\AmbientLightSensor_Implmnt\AmbientLightSensor.srs
Complete: Compile Process on AmbientLightSensor_syn|AmbientLightSensor_Implmnt

Running: Pre-mapping on AmbientLightSensor_syn|AmbientLightSensor_Implmnt
Copied C:\Users\Russell\Dropbox\nandland\modules\AmbientLightSensor\Verilog\go-board-project\AmbientLightSensor\AmbientLightSensor_Implmnt\AmbientLightSensor.sap to C:\Users\Russell\Dropbox\nandland\modules\AmbientLightSensor\Verilog\go-board-project\AmbientLightSensor\AmbientLightSensor_Implmnt\synwork\AmbientLightSensor_s.sap
Copied C:\Users\Russell\Dropbox\nandland\modules\AmbientLightSensor\Verilog\go-board-project\AmbientLightSensor\AmbientLightSensor_Implmnt\AmbientLightSensor.fse to C:\Users\Russell\Dropbox\nandland\modules\AmbientLightSensor\Verilog\go-board-project\AmbientLightSensor\AmbientLightSensor_Implmnt\synwork\AmbientLightSensor_s.fse

premap Completed
Return Code: 0
Run Time:0h:00m:01s
Complete: Compile on AmbientLightSensor_syn|AmbientLightSensor_Implmnt

Running: Map on AmbientLightSensor_syn|AmbientLightSensor_Implmnt

Running: Map & Optimize on AmbientLightSensor_syn|AmbientLightSensor_Implmnt
Copied C:\Users\Russell\Dropbox\nandland\modules\AmbientLightSensor\Verilog\go-board-project\AmbientLightSensor\AmbientLightSensor_Implmnt\synwork\AmbientLightSensor_m.srm to C:\Users\Russell\Dropbox\nandland\modules\AmbientLightSensor\Verilog\go-board-project\AmbientLightSensor\AmbientLightSensor_Implmnt\AmbientLightSensor.srm

fpga_mapper Completed
Return Code: 0
Run Time:0h:00m:01s
Complete: Map on AmbientLightSensor_syn|AmbientLightSensor_Implmnt
Complete: Logic Synthesis on AmbientLightSensor_syn|AmbientLightSensor_Implmnt

exit status=0

exit status=0

