* ******************************************************************************

* iCEcube Packer

* Version:            2017.08.27940

* Build Date:         Sep 11 2017 16:52:36

* File Generated:     Mar 16 2019 14:32:43

* Purpose:            General info of design implementation

* Copyright (C) 2006-2010 by Lattice Semiconductor Corp. All rights reserved.

* ******************************************************************************

Command Line: C:\lscc\iCEcube2.2017.08\sbt_backend\bin\win32\opt\packer.exe  C:\lscc\iCEcube2.2017.08\sbt_backend\devices\ICE40P01.dev  C:/Users/russellm/Dropbox/nandland/modules/AmbientLightSensor/VHDL/go-board-project/AmbientLightSensor/AmbientLightSensor_Implmnt\sbt\netlist\oadb-Light_Sensor_ALS  --package  VQ100  --outdir  C:/Users/russellm/Dropbox/nandland/modules/AmbientLightSensor/VHDL/go-board-project/AmbientLightSensor/AmbientLightSensor_Implmnt\sbt\outputs\packer  --translator  C:\lscc\iCEcube2.2017.08\sbt_backend\bin\sdc_translator.tcl  --src_sdc_file  C:/Users/russellm/Dropbox/nandland/modules/AmbientLightSensor/VHDL/go-board-project/AmbientLightSensor/AmbientLightSensor_Implmnt\sbt\outputs\placer\Light_Sensor_ALS_pl.sdc  --dst_sdc_file  C:/Users/russellm/Dropbox/nandland/modules/AmbientLightSensor/VHDL/go-board-project/AmbientLightSensor/AmbientLightSensor_Implmnt\sbt\outputs\packer\Light_Sensor_ALS_pk.sdc  --devicename  iCE40HX1K  

***** Device Info *****
Chip: iCE40HX1K
Package: VQ100
Size: 12 X 16

***** Design Utilization Info *****
Design: Light_Sensor_ALS
Used Logic Cell: 100/1280
Used Logic Tile: 27/160
Used IO Cell:    20/112
Used Bram Cell For iCE40: 0/16
Used PLL For iCE40: 0/0
Ram Cascading Used: 0
Lut Cascading Used: 1

***** Clock Info *****
Clock Domain: i_Clk_c_g
Clock Source: i_clk 
Clock Driver: i_Clk_ibuf_gb_io (ICE_GB_IO)
Driver Position: (0, 8, 1)
Fanout to FF: 56
Fanout to Tile: 22


***** Placement Info *****
Logic cell utilization per tile
    . . . . + . . . . 1 . . . . 
   ----------------------------
17|                             
16|   0 0 0 0 0 0 0 0 0 0 0 0   
15|   0 0 0 3 0 0 0 0 0 0 0 0   
14|   0 0 0 7 2 0 0 0 0 0 0 0   
13|   0 8 0 8 1 1 0 0 0 0 0 0   
12|   0 0 0 0 7 5 0 0 0 0 0 0   
11|   1 7 0 1 3 2 0 0 0 0 0 0   
10|   2 5 0 6 4 3 0 0 0 0 0 0   
 9|   0 2 0 6 6 2 0 0 0 0 0 0   
 8|   0 1 0 5 0 1 1 0 0 0 0 0   
 7|   0 0 0 0 0 0 0 0 0 0 0 0   
 6|   0 0 0 0 0 0 0 0 0 0 0 0   
 5|   0 0 0 0 0 0 0 0 0 0 0 0   
 4|   0 0 0 0 0 0 0 0 0 0 0 0   
 3|   0 0 0 0 0 0 0 0 0 0 0 0   
 2|   0 0 0 0 0 0 0 0 0 0 0 0   
 1|   0 0 0 0 0 0 0 0 0 0 0 0   
 0|                             

Maximum number of Logic cells per logic tile: 8
Average number of Logic cells per logic tile: 3.70

***** Input Pin Density Info *****
Number of input nets per logic tile
     .  .  .  .  +  .  .  .  .  1  .  .  .  . 
   ------------------------------------------
17|                                           
16|     0  0  0  0  0  0  0  0  0  0  0  0    
15|     0  0  0  4  0  0  0  0  0  0  0  0    
14|     0  0  0 15  6  0  0  0  0  0  0  0    
13|     0 16  0 24  3  1  0  0  0  0  0  0    
12|     0  0  0  0 14  5  0  0  0  0  0  0    
11|     4 16  0  3  2  4  0  0  0  0  0  0    
10|     6 13  0 11  9  7  0  0  0  0  0  0    
 9|     0  6  0 14 14  4  0  0  0  0  0  0    
 8|     0  0  0 12  0  4  1  0  0  0  0  0    
 7|     0  0  0  0  0  0  0  0  0  0  0  0    
 6|     0  0  0  0  0  0  0  0  0  0  0  0    
 5|     0  0  0  0  0  0  0  0  0  0  0  0    
 4|     0  0  0  0  0  0  0  0  0  0  0  0    
 3|     0  0  0  0  0  0  0  0  0  0  0  0    
 2|     0  0  0  0  0  0  0  0  0  0  0  0    
 1|     0  0  0  0  0  0  0  0  0  0  0  0    
 0|                                           

Maximum number of input nets per logic tile: 24
Average number of input nets per logic tile: 8.38

Number of input pins per logic tile
     .  .  .  .  +  .  .  .  .  1  .  .  .  . 
   ------------------------------------------
17|                                           
16|     0  0  0  0  0  0  0  0  0  0  0  0    
15|     0  0  0  9  0  0  0  0  0  0  0  0    
14|     0  0  0 25  8  0  0  0  0  0  0  0    
13|     0 16  0 24  3  1  0  0  0  0  0  0    
12|     0  0  0  0 28 11  0  0  0  0  0  0    
11|     4 20  0  3  6  7  0  0  0  0  0  0    
10|     8 19  0 22 13 10  0  0  0  0  0  0    
 9|     0  6  0 22 18  8  0  0  0  0  0  0    
 8|     0  0  0 14  0  4  1  0  0  0  0  0    
 7|     0  0  0  0  0  0  0  0  0  0  0  0    
 6|     0  0  0  0  0  0  0  0  0  0  0  0    
 5|     0  0  0  0  0  0  0  0  0  0  0  0    
 4|     0  0  0  0  0  0  0  0  0  0  0  0    
 3|     0  0  0  0  0  0  0  0  0  0  0  0    
 2|     0  0  0  0  0  0  0  0  0  0  0  0    
 1|     0  0  0  0  0  0  0  0  0  0  0  0    
 0|                                           

Maximum number of input pins per logic tile: 28
Average number of input pins per logic tile: 11.92

***** Run Time Info *****
Run Time:  0
