OUTPUT o_Segment2_A 	 location (1, 17, 1) 	 100 	 
OUTPUT o_Segment1_E 	 location (6, 17, 1) 	 90 	 
OUTPUT o_Segment2_D 	 location (4, 17, 1) 	 95 	 
OUTPUT o_Segment1_F 	 location (0, 14, 1) 	 1 	 
OUTPUT o_Segment1_B 	 location (0, 13, 0) 	 4 	 
OUTPUT o_SPI_CS_n 	 location (13, 11, 1) 	 65 	 
INPUT  i_Clk 	 location (0, 8, 1) 	 15 	 
OUTPUT o_Segment2_G 	 location (4, 17, 0) 	 96 	 
OUTPUT o_Segment2_C 	 location (3, 17, 1) 	 97 	 
OUTPUT o_Segment1_G 	 location (0, 14, 0) 	 2 	 
OUTPUT o_Segment1_C 	 location (5, 17, 1) 	 93 	 
INPUT  i_Switch_1 	 location (13, 4, 1) 	 53 	 
OUTPUT o_Segment2_F 	 location (0, 12, 0) 	 8 	 
OUTPUT o_Segment2_B 	 location (2, 17, 1) 	 99 	 
OUTPUT o_Segment1_D 	 location (6, 17, 0) 	 91 	 
OUTPUT o_SPI_MOSI 	 location (13, 11, 0) 	 64 	 
OUTPUT o_SPI_Clk 	 location (13, 8, 1) 	 62 	 
INPUT  i_SPI_MISO 	 location (13, 9, 0) 	 63 	 
OUTPUT o_Segment2_E 	 location (5, 17, 0) 	 94 	 
OUTPUT o_Segment1_A 	 location (0, 13, 1) 	 3 	 
